2288 : 2024-12-19 15:20:44,451 : INFO : telemetry.main : Attempt start. Configuration directory [/home/moussaab/.azure]. Cache directory [/home/moussaab/.azure/telemetry/20241219152044280].
2288 : 2024-12-19 15:20:44,451 : INFO : telemetry.records : 1 cache files to upload.
2288 : 2024-12-19 15:20:44,452 : INFO : telemetry.records : Processed file /home/moussaab/.azure/telemetry/20241219152044280/cache into 1 records.
2288 : 2024-12-19 15:20:44,452 : INFO : telemetry.records : Remove directory /home/moussaab/.azure/telemetry/20241219152044280
2288 : 2024-12-19 15:20:44,453 : INFO : telemetry.client : Accumulated 1 events. Flush the clients.
2288 : 2024-12-19 15:20:44,453 : INFO : telemetry.client : Flush client c4395b75-49cc-422c-bc95-c7d51aef5d46.
2288 : 2024-12-19 15:20:44,621 : INFO : telemetry.sender : Sending 4327 bytes
2288 : 2024-12-19 15:20:44,621 : INFO : telemetry.sender : Finish uploading in 0.167496 seconds.
2320 : 2024-12-19 15:20:46,745 : INFO : telemetry.main : Attempt start. Configuration directory [/home/moussaab/.azure]. Cache directory [/home/moussaab/.azure/telemetry/20241219152046603].
2320 : 2024-12-19 15:20:46,746 : INFO : telemetry.records : 1 cache files to upload.
2320 : 2024-12-19 15:20:46,746 : INFO : telemetry.records : Processed file /home/moussaab/.azure/telemetry/20241219152046603/cache into 1 records.
2320 : 2024-12-19 15:20:46,746 : INFO : telemetry.records : Remove directory /home/moussaab/.azure/telemetry/20241219152046603
2320 : 2024-12-19 15:20:46,747 : INFO : telemetry.client : Accumulated 1 events. Flush the clients.
2320 : 2024-12-19 15:20:46,747 : INFO : telemetry.client : Flush client c4395b75-49cc-422c-bc95-c7d51aef5d46.
2320 : 2024-12-19 15:20:46,897 : INFO : telemetry.sender : Sending 4224 bytes
2320 : 2024-12-19 15:20:46,897 : INFO : telemetry.sender : Finish uploading in 0.149962 seconds.
2329 : 2024-12-19 15:20:47,117 : INFO : telemetry.main : Attempt start. Configuration directory [/home/moussaab/.azure]. Cache directory [/home/moussaab/.azure/telemetry/20241219152046914].
2329 : 2024-12-19 15:20:47,118 : INFO : telemetry.records : 1 cache files to upload.
2329 : 2024-12-19 15:20:47,120 : INFO : telemetry.records : Processed file /home/moussaab/.azure/telemetry/20241219152046914/cache into 1 records.
2329 : 2024-12-19 15:20:47,121 : INFO : telemetry.records : Remove directory /home/moussaab/.azure/telemetry/20241219152046914
2329 : 2024-12-19 15:20:47,123 : INFO : telemetry.client : Accumulated 1 events. Flush the clients.
2329 : 2024-12-19 15:20:47,125 : INFO : telemetry.client : Flush client c4395b75-49cc-422c-bc95-c7d51aef5d46.
2329 : 2024-12-19 15:20:47,276 : INFO : telemetry.sender : Sending 4307 bytes
2329 : 2024-12-19 15:20:47,276 : INFO : telemetry.sender : Finish uploading in 0.150327 seconds.
2344 : 2024-12-19 15:20:48,282 : INFO : telemetry.main : Attempt start. Configuration directory [/home/moussaab/.azure]. Cache directory [/home/moussaab/.azure/telemetry/20241219152048107].
2344 : 2024-12-19 15:20:48,282 : INFO : telemetry.records : 1 cache files to upload.
2344 : 2024-12-19 15:20:48,282 : INFO : telemetry.records : Processed file /home/moussaab/.azure/telemetry/20241219152048107/cache into 1 records.
2344 : 2024-12-19 15:20:48,283 : INFO : telemetry.records : Remove directory /home/moussaab/.azure/telemetry/20241219152048107
2344 : 2024-12-19 15:20:48,283 : INFO : telemetry.client : Accumulated 1 events. Flush the clients.
2344 : 2024-12-19 15:20:48,283 : INFO : telemetry.client : Flush client c4395b75-49cc-422c-bc95-c7d51aef5d46.
2344 : 2024-12-19 15:20:48,435 : INFO : telemetry.sender : Sending 4339 bytes
2344 : 2024-12-19 15:20:48,435 : INFO : telemetry.sender : Finish uploading in 0.151675 seconds.
